{
  "RSpec": {
    "coverage": {
      "/home/tim/sites/capstone_demo/app/models/city.rb": [
        1,
        null
      ],
      "/home/tim/sites/capstone_demo/app/models/state.rb": [
        1,
        1,
        1,
        1,
        null
      ],
      "/home/tim/sites/capstone_demo/app/controllers/ui_controller.rb": [
        1,
        null
      ],
      "/home/tim/sites/capstone_demo/app/controllers/application_controller.rb": [
        1,
        null,
        1,
        null,
        1,
        1,
        null,
        1,
        1,
        4,
        null,
        null,
        4,
        4,
        null,
        null
      ],
      "/home/tim/sites/capstone_demo/app/controllers/cities_controller.rb": [
        1,
        1,
        1,
        null,
        1,
        12,
        null,
        null,
        null,
        null,
        1,
        null,
        null,
        null,
        null,
        null,
        1,
        4,
        null,
        4,
        4,
        null,
        0,
        null,
        null,
        null,
        null,
        1,
        2,
        null,
        2,
        2,
        null,
        0,
        null,
        null,
        null,
        1,
        2,
        null,
        2,
        null,
        null,
        1,
        null,
        1,
        9,
        null,
        null,
        1,
        6,
        null,
        null
      ],
      "/home/tim/sites/capstone_demo/app/controllers/states_controller.rb": [
        1,
        1,
        null,
        null,
        1,
        1,
        null,
        null,
        null,
        null,
        null,
        1,
        null,
        null,
        null,
        null,
        1,
        3,
        null,
        3,
        3,
        null,
        0,
        null,
        null,
        null,
        1,
        1,
        null,
        1,
        1,
        null,
        0,
        null,
        null,
        null,
        null,
        1,
        1,
        null,
        1,
        null,
        null,
        1,
        null,
        1,
        8,
        null,
        null,
        1,
        4,
        null,
        null
      ]
    },
    "timestamp": 1518028821
  }
}
